f:\code\pbl_college\pbl\pbl\debug\vc141.pdb
f:\code\pbl_college\pbl\pbl\debug\vc141.idb
f:\code\pbl_college\pbl\pbl\debug\main.obj
f:\code\pbl_college\pbl\pbl\debug\source.obj
f:\code\pbl_college\pbl\debug\pbl.pdb
f:\code\pbl_college\pbl\pbl\debug\pbl.tlog\cl.command.1.tlog
f:\code\pbl_college\pbl\pbl\debug\pbl.tlog\cl.read.1.tlog
f:\code\pbl_college\pbl\pbl\debug\pbl.tlog\cl.write.1.tlog
f:\code\pbl_college\pbl\pbl\debug\pbl.tlog\link-cvtres.read.1.tlog
f:\code\pbl_college\pbl\pbl\debug\pbl.tlog\link-cvtres.write.1.tlog
f:\code\pbl_college\pbl\pbl\debug\pbl.tlog\link-rc.read.1.tlog
f:\code\pbl_college\pbl\pbl\debug\pbl.tlog\link-rc.write.1.tlog
f:\code\pbl_college\pbl\pbl\debug\pbl.tlog\link.4748-cvtres.read.1.tlog
f:\code\pbl_college\pbl\pbl\debug\pbl.tlog\link.4748-cvtres.write.1.tlog
f:\code\pbl_college\pbl\pbl\debug\pbl.tlog\link.4748-rc.read.1.tlog
f:\code\pbl_college\pbl\pbl\debug\pbl.tlog\link.4748-rc.write.1.tlog
f:\code\pbl_college\pbl\pbl\debug\pbl.tlog\link.4748.read.1.tlog
f:\code\pbl_college\pbl\pbl\debug\pbl.tlog\link.4748.write.1.tlog
f:\code\pbl_college\pbl\pbl\debug\pbl.tlog\link.command.1.tlog
f:\code\pbl_college\pbl\pbl\debug\pbl.tlog\link.read.1.tlog
f:\code\pbl_college\pbl\pbl\debug\pbl.tlog\link.write.1.tlog
