  main.c
c:\users\ajay nair\desktop\pbl\pbl\pbl\plotter.h(222): warning C4244: 'function': conversion from 'unsigned __int64' to 'double', possible loss of data
c:\users\ajay nair\desktop\pbl\pbl\pbl\plotter.h(309): warning C4028: formal parameter 1 different from declaration
c:\users\ajay nair\desktop\pbl\pbl\pbl\plotter.h(309): warning C4022: 'CreateThread': pointer mismatch for actual parameter 4
c:\users\ajay nair\desktop\pbl\pbl\pbl\plotter.h(313): warning C4028: formal parameter 1 different from declaration
c:\users\ajay nair\desktop\pbl\pbl\pbl\plotter.h(313): warning C4022: 'CreateThread': pointer mismatch for actual parameter 4
c:\users\ajay nair\desktop\pbl\pbl\pbl\plotter.h(317): warning C4028: formal parameter 1 different from declaration
c:\users\ajay nair\desktop\pbl\pbl\pbl\plotter.h(317): warning C4022: 'CreateThread': pointer mismatch for actual parameter 4
c:\users\ajay nair\desktop\pbl\pbl\pbl\plotter.h(321): warning C4113: 'DWORD (__cdecl *)()' differs in parameter lists from 'LPTHREAD_START_ROUTINE'
c:\users\ajay nair\desktop\pbl\pbl\pbl\plotter.h(325): warning C4113: 'DWORD (__cdecl *)()' differs in parameter lists from 'LPTHREAD_START_ROUTINE'
c:\users\ajay nair\desktop\pbl\pbl\pbl\plotter.h(325): warning C4020: 'CreateThread': too many actual parameters
c:\users\ajay nair\desktop\pbl\pbl\pbl\basiccalc.h(224): warning C4047: 'function': 'double *' differs in levels of indirection from 'int'
c:\users\ajay nair\desktop\pbl\pbl\pbl\basiccalc.h(224): warning C4024: 'PlotAssigner': different types for formal and actual parameter 1
c:\users\ajay nair\desktop\pbl\pbl\pbl\basiccalc.h(224): warning C4024: 'PlotAssigner': different types for formal and actual parameter 2
c:\users\ajay nair\desktop\pbl\pbl\pbl\basiccalc.h(229): warning C4047: 'function': 'double *' differs in levels of indirection from 'int'
c:\users\ajay nair\desktop\pbl\pbl\pbl\basiccalc.h(229): warning C4024: 'PlotAssigner': different types for formal and actual parameter 1
c:\users\ajay nair\desktop\pbl\pbl\pbl\basiccalc.h(229): warning C4024: 'PlotAssigner': different types for formal and actual parameter 2
c:\users\ajay nair\desktop\pbl\pbl\pbl\main.c(111): warning C4244: '=': conversion from 'float' to 'unsigned int', possible loss of data
c:\users\ajay nair\desktop\pbl\pbl\pbl\main.c(105): warning C4477: 'scanf' : format string '%d' requires an argument of type 'int *', but variadic argument 1 has type 'float *'
c:\users\ajay nair\desktop\pbl\pbl\pbl\main.c(105): warning C4477: 'scanf' : format string '%d' requires an argument of type 'int *', but variadic argument 2 has type 'float *'
c:\users\ajay nair\desktop\pbl\pbl\pbl\main.c(60): warning C4101: 'FieldType': unreferenced local variable
  PBL.vcxproj -> C:\Users\Ajay Nair\Desktop\PBL\PBL\x64\Debug\PBL.exe
c:\users\ajay nair\desktop\pbl\pbl\pbl\plotter.h(124): warning C6293: Ill-defined for-loop:  counts down from minimum.
